\BOOKMARK [0][-]{chapter.1}{Introduction}{}% 1
\BOOKMARK [1][-]{section.1.1}{Goals of Report}{chapter.1}% 2
\BOOKMARK [1][-]{section.1.2}{Outline}{chapter.1}% 3
\BOOKMARK [0][-]{chapter.2}{Background}{}% 4
\BOOKMARK [1][-]{section.2.1}{Web Server}{chapter.2}% 5
\BOOKMARK [1][-]{section.2.2}{Port}{chapter.2}% 6
\BOOKMARK [1][-]{section.2.3}{HTTP and HTTPS}{chapter.2}% 7
\BOOKMARK [1][-]{section.2.4}{Transport Layer Security}{chapter.2}% 8
\BOOKMARK [1][-]{section.2.5}{Port Scanning}{chapter.2}% 9
\BOOKMARK [2][-]{subsection.2.5.1}{ZMap}{section.2.5}% 10
\BOOKMARK [1][-]{section.2.6}{Banner Grabbing}{chapter.2}% 11
\BOOKMARK [2][-]{subsection.2.6.1}{ZGrab}{section.2.6}% 12
\BOOKMARK [0][-]{chapter.3}{Related Work}{}% 13
\BOOKMARK [0][-]{chapter.4}{Design}{}% 14
\BOOKMARK [1][-]{section.4.1}{Overview}{chapter.4}% 15
\BOOKMARK [1][-]{section.4.2}{Ethics}{chapter.4}% 16
\BOOKMARK [0][-]{chapter.5}{Implementation}{}% 17
\BOOKMARK [1][-]{section.5.1}{Technologies Used}{chapter.5}% 18
\BOOKMARK [1][-]{section.5.2}{ZMap Implementation}{chapter.5}% 19
\BOOKMARK [1][-]{section.5.3}{ZGrab Implementation}{chapter.5}% 20
\BOOKMARK [1][-]{section.5.4}{Challenges}{chapter.5}% 21
\BOOKMARK [0][-]{chapter.6}{Results}{}% 22
\BOOKMARK [1][-]{section.6.1}{ZMap Results}{chapter.6}% 23
\BOOKMARK [2][-]{subsection.6.1.1}{Variation In IP addresses}{section.6.1}% 24
\BOOKMARK [2][-]{subsection.6.1.2}{Port Distribution}{section.6.1}% 25
\BOOKMARK [2][-]{subsection.6.1.3}{Domain Names}{section.6.1}% 26
\BOOKMARK [1][-]{section.6.2}{ZGrab Results}{chapter.6}% 27
\BOOKMARK [2][-]{subsection.6.2.1}{Response Codes}{section.6.2}% 28
\BOOKMARK [2][-]{subsection.6.2.2}{TLS/SSL}{section.6.2}% 29
\BOOKMARK [2][-]{subsection.6.2.3}{Signature Algorithm}{section.6.2}% 30
\BOOKMARK [2][-]{subsection.6.2.4}{Cipher Suite}{section.6.2}% 31
\BOOKMARK [2][-]{subsection.6.2.5}{Browser Trusted}{section.6.2}% 32
\BOOKMARK [2][-]{subsection.6.2.6}{Expired Certificates}{section.6.2}% 33
\BOOKMARK [2][-]{subsection.6.2.7}{Self Signed Certificates}{section.6.2}% 34
\BOOKMARK [2][-]{subsection.6.2.8}{Categorizing the Servers}{section.6.2}% 35
\BOOKMARK [0][-]{chapter.7}{Conclusion}{}% 36
\BOOKMARK [0][-]{chapter.8}{Future Work}{}% 37
\BOOKMARK [0][-]{appendix.A}{A first appendix}{}% 38
\BOOKMARK [0][-]{appendix.B}{A sample of the questionnaire form used}{}% 39
